{
  "0 debug pnpm:scope": {
    "selected": 1,
    "workspacePrefix": "C:\\Users\\ZJcoder\\Desktop\\vue源码\\vueSoruce\\小兄弟的课程\\jiagouke-vue-12022-master\\1.reactive"
  },
  "1 error pnpm": {
    "errno": 1,
    "code": "ELIFECYCLE",
    "pkgid": "vue3-plain@1.0.0",
    "stage": "dev",
    "script": "node scripts/dev.js reactivity -f global",
    "pkgname": "vue3-plain",
    "err": {
      "name": "pnpm",
      "message": "vue3-plain@1.0.0 dev: `node scripts/dev.js reactivity -f global`\nExit status 1",
      "code": "ELIFECYCLE",
      "stack": "pnpm: vue3-plain@1.0.0 dev: `node scripts/dev.js reactivity -f global`\nExit status 1\n    at EventEmitter.<anonymous> (C:\\Users\\ZJcoder\\AppData\\Roaming\\npm\\node_modules\\pnpm\\dist\\pnpm.cjs:105830:20)\n    at EventEmitter.emit (events.js:400:28)\n    at ChildProcess.<anonymous> (C:\\Users\\ZJcoder\\AppData\\Roaming\\npm\\node_modules\\pnpm\\dist\\pnpm.cjs:92391:18)\n    at ChildProcess.emit (events.js:400:28)\n    at maybeClose (internal/child_process.js:1055:16)\n    at Process.ChildProcess._handle.onexit (internal/child_process.js:288:5)"
    }
  }
}